# JRE version: OpenJDK Runtime Environment Temurin-21.0.8+9 (21.0.8+9) (build 21.0.8+9-LTS)
# Java VM: OpenJDK 64-Bit Server VM Temurin-21.0.8+9 (21.0.8+9-LTS, mixed mode, sharing, tiered, compressed oops, compressed class ptrs, parallel gc, windows-amd64)
GC Precious Log:
 CardTable entry size: 512
 CPUs: 20 total, 20 available
 Memory: 16095M
 Large Page Support: Disabled
 NUMA Support: Disabled
 Compressed Oops: Enabled (32-bit)
 Alignments: Space 512K, Generation 512K, Heap 2M
 Heap Min Capacity: 100M
 Heap Initial Capacity: 100M
 Heap Max Capacity: 2G
 Pre-touch: Disabled
 Parallel Workers: 15
Heap:
 PSYoungGen      total 8704K, used 3576K [0x00000000d5580000, 0x00000000d5f80000, 0x0000000100000000)
  eden space 7168K, 36% used [0x00000000d5580000,0x00000000d580e318,0x00000000d5c80000)
  from space 1536K, 62% used [0x00000000d5e00000,0x00000000d5ef0000,0x00000000d5f80000)
  to   space 1536K, 0% used [0x00000000d5c80000,0x00000000d5c80000,0x00000000d5e00000)
 ParOldGen       total 284672K, used 284316K [0x0000000080000000, 0x0000000091600000, 0x00000000d5580000)
  object space 284672K, 99% used [0x0000000080000000,0x00000000915a72c8,0x0000000091600000)
 Metaspace       used 100548K, committed 102208K, reserved 1179648K
  class space    used 9925K, committed 10688K, reserved 1048576K
GC Heap History (20 events):
Event: 79269.178 GC heap before
{Heap before GC invocations=6711 (full 9):
 PSYoungGen      total 9728K, used 9268K [0x00000000d5580000, 0x00000000d6080000, 0x0000000100000000)
  eden space 8192K, 99% used [0x00000000d5580000,0x00000000d5d7ffa0,0x00000000d5d80000)
  from space 1536K, 70% used [0x00000000d5f00000,0x00000000d600d200,0x00000000d6080000)
  to   space 1536K, 0% used [0x00000000d5d80000,0x00000000d5d80000,0x00000000d5f00000)
 ParOldGen       total 278016K, used 277624K [0x0000000080000000, 0x0000000090f80000, 0x00000000d5580000)
  object space 278016K, 99% used [0x0000000080000000,0x0000000090f1e278,0x0000000090f80000)
 Metaspace       used 100548K, committed 102208K, reserved 1179648K
  class space    used 9925K, committed 10688K, reserved 1048576K
}
Event: 79269.182 GC heap after
{Heap after GC invocations=6711 (full 9):
 PSYoungGen      total 8704K, used 404K [0x00000000d5580000, 0x00000000d5f80000, 0x0000000100000000)
  eden space 8192K, 0% used [0x00000000d5580000,0x00000000d5580000,0x00000000d5d80000)
  from space 512K, 79% used [0x00000000d5d80000,0x00000000d5de5200,0x00000000d5e00000)
  to   space 1024K, 0% used [0x00000000d5e80000,0x00000000d5e80000,0x00000000d5f80000)
 ParOldGen       total 278016K, used 277920K [0x0000000080000000, 0x0000000090f80000, 0x00000000d5580000)
  object space 278016K, 99% used [0x0000000080000000,0x0000000090f68298,0x0000000090f80000)
 Metaspace       used 100548K, committed 102208K, reserved 1179648K
  class space    used 9925K, committed 10688K, reserved 1048576K
}
Event: 79269.193 GC heap before
{Heap before GC invocations=6712 (full 9):
 PSYoungGen      total 8704K, used 8596K [0x00000000d5580000, 0x00000000d5f80000, 0x0000000100000000)
  eden space 8192K, 100% used [0x00000000d5580000,0x00000000d5d80000,0x00000000d5d80000)
  from space 512K, 79% used [0x00000000d5d80000,0x00000000d5de5200,0x00000000d5e00000)
  to   space 1024K, 0% used [0x00000000d5e80000,0x00000000d5e80000,0x00000000d5f80000)
 ParOldGen       total 278016K, used 277920K [0x0000000080000000, 0x0000000090f80000, 0x00000000d5580000)
  object space 278016K, 99% used [0x0000000080000000,0x0000000090f68298,0x0000000090f80000)
 Metaspace       used 100548K, committed 102208K, reserved 1179648K
  class space    used 9925K, committed 10688K, reserved 1048576K
}
Event: 79269.195 GC heap after
{Heap after GC invocations=6712 (full 9):
 PSYoungGen      total 9216K, used 800K [0x00000000d5580000, 0x00000000d5f80000, 0x0000000100000000)
  eden space 8192K, 0% used [0x00000000d5580000,0x00000000d5580000,0x00000000d5d80000)
  from space 1024K, 78% used [0x00000000d5e80000,0x00000000d5f48000,0x00000000d5f80000)
  to   space 1024K, 0% used [0x00000000d5d80000,0x00000000d5d80000,0x00000000d5e80000)
 ParOldGen       total 278528K, used 278173K [0x0000000080000000, 0x0000000091000000, 0x00000000d5580000)
  object space 278528K, 99% used [0x0000000080000000,0x0000000090fa7498,0x0000000091000000)
 Metaspace       used 100548K, committed 102208K, reserved 1179648K
  class space    used 9925K, committed 10688K, reserved 1048576K
}
Event: 79269.203 GC heap before
{Heap before GC invocations=6713 (full 9):
 PSYoungGen      total 9216K, used 8992K [0x00000000d5580000, 0x00000000d5f80000, 0x0000000100000000)
  eden space 8192K, 100% used [0x00000000d5580000,0x00000000d5d80000,0x00000000d5d80000)
  from space 1024K, 78% used [0x00000000d5e80000,0x00000000d5f48000,0x00000000d5f80000)
  to   space 1024K, 0% used [0x00000000d5d80000,0x00000000d5d80000,0x00000000d5e80000)
 ParOldGen       total 278528K, used 278173K [0x0000000080000000, 0x0000000091000000, 0x00000000d5580000)
  object space 278528K, 99% used [0x0000000080000000,0x0000000090fa7498,0x0000000091000000)
 Metaspace       used 100548K, committed 102208K, reserved 1179648K
  class space    used 9925K, committed 10688K, reserved 1048576K
}
Event: 79269.205 GC heap after
{Heap after GC invocations=6713 (full 9):
 PSYoungGen      total 9216K, used 948K [0x00000000d5580000, 0x00000000d5f80000, 0x0000000100000000)
  eden space 8192K, 0% used [0x00000000d5580000,0x00000000d5580000,0x00000000d5d80000)
  from space 1024K, 92% used [0x00000000d5d80000,0x00000000d5e6d200,0x00000000d5e80000)
  to   space 1024K, 0% used [0x00000000d5e80000,0x00000000d5e80000,0x00000000d5f80000)
 ParOldGen       total 279040K, used 278937K [0x0000000080000000, 0x0000000091080000, 0x00000000d5580000)
  object space 279040K, 99% used [0x0000000080000000,0x00000000910664d8,0x0000000091080000)
 Metaspace       used 100548K, committed 102208K, reserved 1179648K
  class space    used 9925K, committed 10688K, reserved 1048576K
}
Event: 79277.935 GC heap before
{Heap before GC invocations=6714 (full 9):
 PSYoungGen      total 9216K, used 9140K [0x00000000d5580000, 0x00000000d5f80000, 0x0000000100000000)
  eden space 8192K, 100% used [0x00000000d5580000,0x00000000d5d80000,0x00000000d5d80000)
  from space 1024K, 92% used [0x00000000d5d80000,0x00000000d5e6d200,0x00000000d5e80000)
  to   space 1024K, 0% used [0x00000000d5e80000,0x00000000d5e80000,0x00000000d5f80000)
 ParOldGen       total 279040K, used 278937K [0x0000000080000000, 0x0000000091080000, 0x00000000d5580000)
  object space 279040K, 99% used [0x0000000080000000,0x00000000910664d8,0x0000000091080000)
 Metaspace       used 100548K, committed 102208K, reserved 1179648K
  class space    used 9925K, committed 10688K, reserved 1048576K
}
Event: 79277.939 GC heap after
{Heap after GC invocations=6714 (full 9):
 PSYoungGen      total 9216K, used 746K [0x00000000d5580000, 0x00000000d5f80000, 0x0000000100000000)
  eden space 8192K, 0% used [0x00000000d5580000,0x00000000d5580000,0x00000000d5d80000)
  from space 1024K, 72% used [0x00000000d5e80000,0x00000000d5f3a910,0x00000000d5f80000)
  to   space 1024K, 0% used [0x00000000d5d80000,0x00000000d5d80000,0x00000000d5e80000)
 ParOldGen       total 280064K, used 279773K [0x0000000080000000, 0x0000000091180000, 0x00000000d5580000)
  object space 280064K, 99% used [0x0000000080000000,0x0000000091137728,0x0000000091180000)
 Metaspace       used 100548K, committed 102208K, reserved 1179648K
  class space    used 9925K, committed 10688K, reserved 1048576K
}
Event: 79277.949 GC heap before
{Heap before GC invocations=6715 (full 9):
 PSYoungGen      total 9216K, used 8938K [0x00000000d5580000, 0x00000000d5f80000, 0x0000000100000000)
  eden space 8192K, 100% used [0x00000000d5580000,0x00000000d5d80000,0x00000000d5d80000)
  from space 1024K, 72% used [0x00000000d5e80000,0x00000000d5f3a910,0x00000000d5f80000)
  to   space 1024K, 0% used [0x00000000d5d80000,0x00000000d5d80000,0x00000000d5e80000)
 ParOldGen       total 280064K, used 279773K [0x0000000080000000, 0x0000000091180000, 0x00000000d5580000)
  object space 280064K, 99% used [0x0000000080000000,0x0000000091137728,0x0000000091180000)
 Metaspace       used 100548K, committed 102208K, reserved 1179648K
  class space    used 9925K, committed 10688K, reserved 1048576K
}
Event: 79277.951 GC heap after
{Heap after GC invocations=6715 (full 9):
 PSYoungGen      total 9216K, used 1012K [0x00000000d5580000, 0x00000000d6080000, 0x0000000100000000)
  eden space 8192K, 0% used [0x00000000d5580000,0x00000000d5580000,0x00000000d5d80000)
  from space 1024K, 98% used [0x00000000d5d80000,0x00000000d5e7d200,0x00000000d5e80000)
  to   space 1536K, 0% used [0x00000000d5f00000,0x00000000d5f00000,0x00000000d6080000)
 ParOldGen       total 280576K, used 280338K [0x0000000080000000, 0x0000000091200000, 0x00000000d5580000)
  object space 280576K, 99% used [0x0000000080000000,0x00000000911c4978,0x0000000091200000)
 Metaspace       used 100548K, committed 102208K, reserved 1179648K
  class space    used 9925K, committed 10688K, reserved 1048576K
}
Event: 79282.410 GC heap before
{Heap before GC invocations=6716 (full 9):
 PSYoungGen      total 9216K, used 9204K [0x00000000d5580000, 0x00000000d6080000, 0x0000000100000000)
  eden space 8192K, 100% used [0x00000000d5580000,0x00000000d5d80000,0x00000000d5d80000)
  from space 1024K, 98% used [0x00000000d5d80000,0x00000000d5e7d200,0x00000000d5e80000)
  to   space 1536K, 0% used [0x00000000d5f00000,0x00000000d5f00000,0x00000000d6080000)
 ParOldGen       total 280576K, used 280338K [0x0000000080000000, 0x0000000091200000, 0x00000000d5580000)
  object space 280576K, 99% used [0x0000000080000000,0x00000000911c4978,0x0000000091200000)
 Metaspace       used 100548K, committed 102208K, reserved 1179648K
  class space    used 9925K, committed 10688K, reserved 1048576K
}
Event: 79282.415 GC heap after
{Heap after GC invocations=6716 (full 9):
 PSYoungGen      total 9728K, used 1018K [0x00000000d5580000, 0x00000000d6080000, 0x0000000100000000)
  eden space 8192K, 0% used [0x00000000d5580000,0x00000000d5580000,0x00000000d5d80000)
  from space 1536K, 66% used [0x00000000d5f00000,0x00000000d5ffe900,0x00000000d6080000)
  to   space 1536K, 0% used [0x00000000d5d80000,0x00000000d5d80000,0x00000000d5f00000)
 ParOldGen       total 281600K, used 281254K [0x0000000080000000, 0x0000000091300000, 0x00000000d5580000)
  object space 281600K, 99% used [0x0000000080000000,0x00000000912a9bc8,0x0000000091300000)
 Metaspace       used 100548K, committed 102208K, reserved 1179648K
  class space    used 9925K, committed 10688K, reserved 1048576K
}
Event: 79319.301 GC heap before
{Heap before GC invocations=6717 (full 9):
 PSYoungGen      total 9728K, used 9210K [0x00000000d5580000, 0x00000000d6080000, 0x0000000100000000)
  eden space 8192K, 100% used [0x00000000d5580000,0x00000000d5d80000,0x00000000d5d80000)
  from space 1536K, 66% used [0x00000000d5f00000,0x00000000d5ffe900,0x00000000d6080000)
  to   space 1536K, 0% used [0x00000000d5d80000,0x00000000d5d80000,0x00000000d5f00000)
 ParOldGen       total 281600K, used 281254K [0x0000000080000000, 0x0000000091300000, 0x00000000d5580000)
  object space 281600K, 99% used [0x0000000080000000,0x00000000912a9bc8,0x0000000091300000)
 Metaspace       used 100548K, committed 102208K, reserved 1179648K
  class space    used 9925K, committed 10688K, reserved 1048576K
}
Event: 79319.303 GC heap after
{Heap after GC invocations=6717 (full 9):
 PSYoungGen      total 9216K, used 932K [0x00000000d5580000, 0x00000000d5f80000, 0x0000000100000000)
  eden space 8192K, 0% used [0x00000000d5580000,0x00000000d5580000,0x00000000d5d80000)
  from space 1024K, 91% used [0x00000000d5d80000,0x00000000d5e69210,0x00000000d5e80000)
  to   space 1024K, 0% used [0x00000000d5e80000,0x00000000d5e80000,0x00000000d5f80000)
 ParOldGen       total 282112K, used 282071K [0x0000000080000000, 0x0000000091380000, 0x00000000d5580000)
  object space 282112K, 99% used [0x0000000080000000,0x0000000091375c08,0x0000000091380000)
 Metaspace       used 100548K, committed 102208K, reserved 1179648K
  class space    used 9925K, committed 10688K, reserved 1048576K
}
Event: 79319.311 GC heap before
{Heap before GC invocations=6718 (full 9):
 PSYoungGen      total 9216K, used 9124K [0x00000000d5580000, 0x00000000d5f80000, 0x0000000100000000)
  eden space 8192K, 100% used [0x00000000d5580000,0x00000000d5d80000,0x00000000d5d80000)
  from space 1024K, 91% used [0x00000000d5d80000,0x00000000d5e69210,0x00000000d5e80000)
  to   space 1024K, 0% used [0x00000000d5e80000,0x00000000d5e80000,0x00000000d5f80000)
 ParOldGen       total 282112K, used 282071K [0x0000000080000000, 0x0000000091380000, 0x00000000d5580000)
  object space 282112K, 99% used [0x0000000080000000,0x0000000091375c08,0x0000000091380000)
 Metaspace       used 100548K, committed 102208K, reserved 1179648K
  class space    used 9925K, committed 10688K, reserved 1048576K
}
Event: 79319.313 GC heap after
{Heap after GC invocations=6718 (full 9):
 PSYoungGen      total 8192K, used 1018K [0x00000000d5580000, 0x00000000d6180000, 0x0000000100000000)
  eden space 7168K, 0% used [0x00000000d5580000,0x00000000d5580000,0x00000000d5c80000)
  from space 1024K, 99% used [0x00000000d5e80000,0x00000000d5f7e900,0x00000000d5f80000)
  to   space 2048K, 0% used [0x00000000d5c80000,0x00000000d5c80000,0x00000000d5e80000)
 ParOldGen       total 283136K, used 282827K [0x0000000080000000, 0x0000000091480000, 0x00000000d5580000)
  object space 283136K, 99% used [0x0000000080000000,0x0000000091432e48,0x0000000091480000)
 Metaspace       used 100548K, committed 102208K, reserved 1179648K
  class space    used 9925K, committed 10688K, reserved 1048576K
}
Event: 79321.082 GC heap before
{Heap before GC invocations=6719 (full 9):
 PSYoungGen      total 8192K, used 8186K [0x00000000d5580000, 0x00000000d6180000, 0x0000000100000000)
  eden space 7168K, 100% used [0x00000000d5580000,0x00000000d5c80000,0x00000000d5c80000)
  from space 1024K, 99% used [0x00000000d5e80000,0x00000000d5f7e900,0x00000000d5f80000)
  to   space 2048K, 0% used [0x00000000d5c80000,0x00000000d5c80000,0x00000000d5e80000)
 ParOldGen       total 283136K, used 282827K [0x0000000080000000, 0x0000000091480000, 0x00000000d5580000)
  object space 283136K, 99% used [0x0000000080000000,0x0000000091432e48,0x0000000091480000)
 Metaspace       used 100548K, committed 102208K, reserved 1179648K
  class space    used 9925K, committed 10688K, reserved 1048576K
}
Event: 79321.085 GC heap after
{Heap after GC invocations=6719 (full 9):
 PSYoungGen      total 8192K, used 634K [0x00000000d5580000, 0x00000000d5f80000, 0x0000000100000000)
  eden space 7168K, 0% used [0x00000000d5580000,0x00000000d5580000,0x00000000d5c80000)
  from space 1024K, 61% used [0x00000000d5c80000,0x00000000d5d1e900,0x00000000d5d80000)
  to   space 1536K, 0% used [0x00000000d5e00000,0x00000000d5e00000,0x00000000d5f80000)
 ParOldGen       total 284160K, used 283840K [0x0000000080000000, 0x0000000091580000, 0x00000000d5580000)
  object space 284160K, 99% used [0x0000000080000000,0x0000000091530098,0x0000000091580000)
 Metaspace       used 100548K, committed 102208K, reserved 1179648K
  class space    used 9925K, committed 10688K, reserved 1048576K
}
Event: 79321.092 GC heap before
{Heap before GC invocations=6720 (full 9):
 PSYoungGen      total 8192K, used 7802K [0x00000000d5580000, 0x00000000d5f80000, 0x0000000100000000)
  eden space 7168K, 100% used [0x00000000d5580000,0x00000000d5c80000,0x00000000d5c80000)
  from space 1024K, 61% used [0x00000000d5c80000,0x00000000d5d1e900,0x00000000d5d80000)
  to   space 1536K, 0% used [0x00000000d5e00000,0x00000000d5e00000,0x00000000d5f80000)
 ParOldGen       total 284160K, used 283840K [0x0000000080000000, 0x0000000091580000, 0x00000000d5580000)
  object space 284160K, 99% used [0x0000000080000000,0x0000000091530098,0x0000000091580000)
 Metaspace       used 100548K, committed 102208K, reserved 1179648K
  class space    used 9925K, committed 10688K, reserved 1048576K
}
Event: 79321.095 GC heap after
{Heap after GC invocations=6720 (full 9):
 PSYoungGen      total 8704K, used 960K [0x00000000d5580000, 0x00000000d5f80000, 0x0000000100000000)
  eden space 7168K, 0% used [0x00000000d5580000,0x00000000d5580000,0x00000000d5c80000)
  from space 1536K, 62% used [0x00000000d5e00000,0x00000000d5ef0000,0x00000000d5f80000)
  to   space 1536K, 0% used [0x00000000d5c80000,0x00000000d5c80000,0x00000000d5e00000)
 ParOldGen       total 284672K, used 284316K [0x0000000080000000, 0x0000000091600000, 0x00000000d5580000)
  object space 284672K, 99% used [0x0000000080000000,0x00000000915a72c8,0x0000000091600000)
 Metaspace       used 100548K, committed 102208K, reserved 1179648K
  class space    used 9925K, committed 10688K, reserved 1048576K
}

