# JRE version: OpenJDK Runtime Environment Temurin-21.0.8+9 (21.0.8+9) (build 21.0.8+9-LTS)
# Java VM: OpenJDK 64-Bit Server VM Temurin-21.0.8+9 (21.0.8+9-LTS, mixed mode, sharing, tiered, compressed oops, compressed class ptrs, parallel gc, windows-amd64)
GC Precious Log:
 CardTable entry size: 512
 CPUs: 20 total, 20 available
 Memory: 16095M
 Large Page Support: Disabled
 NUMA Support: Disabled
 Compressed Oops: Enabled (32-bit)
 Alignments: Space 512K, Generation 512K, Heap 2M
 Heap Min Capacity: 100M
 Heap Initial Capacity: 100M
 Heap Max Capacity: 2G
 Pre-touch: Disabled
 Parallel Workers: 15
Heap:
 PSYoungGen      total 4096K, used 891K [0x00000000d5580000, 0x00000000d5a80000, 0x0000000100000000)
  eden space 3072K, 0% used [0x00000000d5580000,0x00000000d5580000,0x00000000d5880000)
  from space 1024K, 87% used [0x00000000d5880000,0x00000000d595ed98,0x00000000d5980000)
  to   space 1024K, 0% used [0x00000000d5980000,0x00000000d5980000,0x00000000d5a80000)
 ParOldGen       total 269824K, used 269783K [0x0000000080000000, 0x0000000090780000, 0x00000000d5580000)
  object space 269824K, 99% used [0x0000000080000000,0x0000000090775f48,0x0000000090780000)
 Metaspace       used 60755K, committed 62144K, reserved 1114112K
  class space    used 6375K, committed 7040K, reserved 1048576K
GC Heap History (20 events):
Event: 19.057 GC heap after
{Heap after GC invocations=280 (full 3):
 PSYoungGen      total 3584K, used 832K [0x00000000d5580000, 0x00000000d5a00000, 0x0000000100000000)
  eden space 2560K, 0% used [0x00000000d5580000,0x00000000d5580000,0x00000000d5800000)
  from space 1024K, 81% used [0x00000000d5800000,0x00000000d58d0000,0x00000000d5900000)
  to   space 1024K, 0% used [0x00000000d5900000,0x00000000d5900000,0x00000000d5a00000)
 ParOldGen       total 262656K, used 262446K [0x0000000080000000, 0x0000000090080000, 0x00000000d5580000)
  object space 262656K, 99% used [0x0000000080000000,0x000000009004b810,0x0000000090080000)
 Metaspace       used 60754K, committed 62144K, reserved 1114112K
  class space    used 6375K, committed 7040K, reserved 1048576K
}
Event: 19.074 GC heap before
{Heap before GC invocations=281 (full 3):
 PSYoungGen      total 3584K, used 3391K [0x00000000d5580000, 0x00000000d5a00000, 0x0000000100000000)
  eden space 2560K, 99% used [0x00000000d5580000,0x00000000d57ffe48,0x00000000d5800000)
  from space 1024K, 81% used [0x00000000d5800000,0x00000000d58d0000,0x00000000d5900000)
  to   space 1024K, 0% used [0x00000000d5900000,0x00000000d5900000,0x00000000d5a00000)
 ParOldGen       total 262656K, used 262446K [0x0000000080000000, 0x0000000090080000, 0x00000000d5580000)
  object space 262656K, 99% used [0x0000000080000000,0x000000009004b810,0x0000000090080000)
 Metaspace       used 60754K, committed 62144K, reserved 1114112K
  class space    used 6375K, committed 7040K, reserved 1048576K
}
Event: 19.077 GC heap after
{Heap after GC invocations=281 (full 3):
 PSYoungGen      total 3584K, used 896K [0x00000000d5580000, 0x00000000d5a00000, 0x0000000100000000)
  eden space 2560K, 0% used [0x00000000d5580000,0x00000000d5580000,0x00000000d5800000)
  from space 1024K, 87% used [0x00000000d5900000,0x00000000d59e0000,0x00000000d5a00000)
  to   space 1024K, 0% used [0x00000000d5800000,0x00000000d5800000,0x00000000d5900000)
 ParOldGen       total 263168K, used 263075K [0x0000000080000000, 0x0000000090100000, 0x00000000d5580000)
  object space 263168K, 99% used [0x0000000080000000,0x00000000900e8f88,0x0000000090100000)
 Metaspace       used 60754K, committed 62144K, reserved 1114112K
  class space    used 6375K, committed 7040K, reserved 1048576K
}
Event: 19.091 GC heap before
{Heap before GC invocations=282 (full 3):
 PSYoungGen      total 3584K, used 3456K [0x00000000d5580000, 0x00000000d5a00000, 0x0000000100000000)
  eden space 2560K, 100% used [0x00000000d5580000,0x00000000d5800000,0x00000000d5800000)
  from space 1024K, 87% used [0x00000000d5900000,0x00000000d59e0000,0x00000000d5a00000)
  to   space 1024K, 0% used [0x00000000d5800000,0x00000000d5800000,0x00000000d5900000)
 ParOldGen       total 263168K, used 263075K [0x0000000080000000, 0x0000000090100000, 0x00000000d5580000)
  object space 263168K, 99% used [0x0000000080000000,0x00000000900e8f88,0x0000000090100000)
 Metaspace       used 60754K, committed 62144K, reserved 1114112K
  class space    used 6375K, committed 7040K, reserved 1048576K
}
Event: 19.093 GC heap after
{Heap after GC invocations=282 (full 3):
 PSYoungGen      total 3584K, used 814K [0x00000000d5580000, 0x00000000d5a00000, 0x0000000100000000)
  eden space 2560K, 0% used [0x00000000d5580000,0x00000000d5580000,0x00000000d5800000)
  from space 1024K, 79% used [0x00000000d5800000,0x00000000d58cb940,0x00000000d5900000)
  to   space 1024K, 0% used [0x00000000d5900000,0x00000000d5900000,0x00000000d5a00000)
 ParOldGen       total 264192K, used 263702K [0x0000000080000000, 0x0000000090200000, 0x00000000d5580000)
  object space 264192K, 99% used [0x0000000080000000,0x0000000090185ad0,0x0000000090200000)
 Metaspace       used 60754K, committed 62144K, reserved 1114112K
  class space    used 6375K, committed 7040K, reserved 1048576K
}
Event: 19.105 GC heap before
{Heap before GC invocations=283 (full 3):
 PSYoungGen      total 3584K, used 3374K [0x00000000d5580000, 0x00000000d5a00000, 0x0000000100000000)
  eden space 2560K, 100% used [0x00000000d5580000,0x00000000d5800000,0x00000000d5800000)
  from space 1024K, 79% used [0x00000000d5800000,0x00000000d58cb940,0x00000000d5900000)
  to   space 1024K, 0% used [0x00000000d5900000,0x00000000d5900000,0x00000000d5a00000)
 ParOldGen       total 264192K, used 263702K [0x0000000080000000, 0x0000000090200000, 0x00000000d5580000)
  object space 264192K, 99% used [0x0000000080000000,0x0000000090185ad0,0x0000000090200000)
 Metaspace       used 60754K, committed 62144K, reserved 1114112K
  class space    used 6375K, committed 7040K, reserved 1048576K
}
Event: 19.108 GC heap after
{Heap after GC invocations=283 (full 3):
 PSYoungGen      total 3584K, used 736K [0x00000000d5580000, 0x00000000d5a00000, 0x0000000100000000)
  eden space 2560K, 0% used [0x00000000d5580000,0x00000000d5580000,0x00000000d5800000)
  from space 1024K, 71% used [0x00000000d5900000,0x00000000d59b8000,0x00000000d5a00000)
  to   space 1024K, 0% used [0x00000000d5800000,0x00000000d5800000,0x00000000d5900000)
 ParOldGen       total 264704K, used 264332K [0x0000000080000000, 0x0000000090280000, 0x00000000d5580000)
  object space 264704K, 99% used [0x0000000080000000,0x00000000902233f0,0x0000000090280000)
 Metaspace       used 60754K, committed 62144K, reserved 1114112K
  class space    used 6375K, committed 7040K, reserved 1048576K
}
Event: 19.123 GC heap before
{Heap before GC invocations=284 (full 3):
 PSYoungGen      total 3584K, used 3296K [0x00000000d5580000, 0x00000000d5a00000, 0x0000000100000000)
  eden space 2560K, 100% used [0x00000000d5580000,0x00000000d5800000,0x00000000d5800000)
  from space 1024K, 71% used [0x00000000d5900000,0x00000000d59b8000,0x00000000d5a00000)
  to   space 1024K, 0% used [0x00000000d5800000,0x00000000d5800000,0x00000000d5900000)
 ParOldGen       total 264704K, used 264332K [0x0000000080000000, 0x0000000090280000, 0x00000000d5580000)
  object space 264704K, 99% used [0x0000000080000000,0x00000000902233f0,0x0000000090280000)
 Metaspace       used 60755K, committed 62144K, reserved 1114112K
  class space    used 6375K, committed 7040K, reserved 1048576K
}
Event: 19.126 GC heap after
{Heap after GC invocations=284 (full 3):
 PSYoungGen      total 3584K, used 832K [0x00000000d5580000, 0x00000000d5a00000, 0x0000000100000000)
  eden space 2560K, 0% used [0x00000000d5580000,0x00000000d5580000,0x00000000d5800000)
  from space 1024K, 81% used [0x00000000d5800000,0x00000000d58d0000,0x00000000d5900000)
  to   space 1024K, 0% used [0x00000000d5900000,0x00000000d5900000,0x00000000d5a00000)
 ParOldGen       total 265216K, used 264917K [0x0000000080000000, 0x0000000090300000, 0x00000000d5580000)
  object space 265216K, 99% used [0x0000000080000000,0x00000000902b5560,0x0000000090300000)
 Metaspace       used 60755K, committed 62144K, reserved 1114112K
  class space    used 6375K, committed 7040K, reserved 1048576K
}
Event: 19.144 GC heap before
{Heap before GC invocations=285 (full 3):
 PSYoungGen      total 3584K, used 3377K [0x00000000d5580000, 0x00000000d5a00000, 0x0000000100000000)
  eden space 2560K, 99% used [0x00000000d5580000,0x00000000d57fc408,0x00000000d5800000)
  from space 1024K, 81% used [0x00000000d5800000,0x00000000d58d0000,0x00000000d5900000)
  to   space 1024K, 0% used [0x00000000d5900000,0x00000000d5900000,0x00000000d5a00000)
 ParOldGen       total 265216K, used 264917K [0x0000000080000000, 0x0000000090300000, 0x00000000d5580000)
  object space 265216K, 99% used [0x0000000080000000,0x00000000902b5560,0x0000000090300000)
 Metaspace       used 60755K, committed 62144K, reserved 1114112K
  class space    used 6375K, committed 7040K, reserved 1048576K
}
Event: 19.146 GC heap after
{Heap after GC invocations=285 (full 3):
 PSYoungGen      total 3584K, used 847K [0x00000000d5580000, 0x00000000d5a00000, 0x0000000100000000)
  eden space 2560K, 0% used [0x00000000d5580000,0x00000000d5580000,0x00000000d5800000)
  from space 1024K, 82% used [0x00000000d5900000,0x00000000d59d3ea0,0x00000000d5a00000)
  to   space 1024K, 0% used [0x00000000d5800000,0x00000000d5800000,0x00000000d5900000)
 ParOldGen       total 265728K, used 265562K [0x0000000080000000, 0x0000000090380000, 0x00000000d5580000)
  object space 265728K, 99% used [0x0000000080000000,0x0000000090356910,0x0000000090380000)
 Metaspace       used 60755K, committed 62144K, reserved 1114112K
  class space    used 6375K, committed 7040K, reserved 1048576K
}
Event: 19.160 GC heap before
{Heap before GC invocations=286 (full 3):
 PSYoungGen      total 3584K, used 3401K [0x00000000d5580000, 0x00000000d5a00000, 0x0000000100000000)
  eden space 2560K, 99% used [0x00000000d5580000,0x00000000d57fe8e0,0x00000000d5800000)
  from space 1024K, 82% used [0x00000000d5900000,0x00000000d59d3ea0,0x00000000d5a00000)
  to   space 1024K, 0% used [0x00000000d5800000,0x00000000d5800000,0x00000000d5900000)
 ParOldGen       total 265728K, used 265562K [0x0000000080000000, 0x0000000090380000, 0x00000000d5580000)
  object space 265728K, 99% used [0x0000000080000000,0x0000000090356910,0x0000000090380000)
 Metaspace       used 60755K, committed 62144K, reserved 1114112K
  class space    used 6375K, committed 7040K, reserved 1048576K
}
Event: 19.164 GC heap after
{Heap after GC invocations=286 (full 3):
 PSYoungGen      total 3584K, used 844K [0x00000000d5580000, 0x00000000d5a00000, 0x0000000100000000)
  eden space 2560K, 0% used [0x00000000d5580000,0x00000000d5580000,0x00000000d5800000)
  from space 1024K, 82% used [0x00000000d5800000,0x00000000d58d31f8,0x00000000d5900000)
  to   space 1024K, 0% used [0x00000000d5900000,0x00000000d5900000,0x00000000d5a00000)
 ParOldGen       total 266240K, used 266187K [0x0000000080000000, 0x0000000090400000, 0x00000000d5580000)
  object space 266240K, 99% used [0x0000000080000000,0x00000000903f2f08,0x0000000090400000)
 Metaspace       used 60755K, committed 62144K, reserved 1114112K
  class space    used 6375K, committed 7040K, reserved 1048576K
}
Event: 19.179 GC heap before
{Heap before GC invocations=287 (full 3):
 PSYoungGen      total 3584K, used 3380K [0x00000000d5580000, 0x00000000d5a00000, 0x0000000100000000)
  eden space 2560K, 99% used [0x00000000d5580000,0x00000000d57fa128,0x00000000d5800000)
  from space 1024K, 82% used [0x00000000d5800000,0x00000000d58d31f8,0x00000000d5900000)
  to   space 1024K, 0% used [0x00000000d5900000,0x00000000d5900000,0x00000000d5a00000)
 ParOldGen       total 266240K, used 266187K [0x0000000080000000, 0x0000000090400000, 0x00000000d5580000)
  object space 266240K, 99% used [0x0000000080000000,0x00000000903f2f08,0x0000000090400000)
 Metaspace       used 60755K, committed 62144K, reserved 1114112K
  class space    used 6375K, committed 7040K, reserved 1048576K
}
Event: 19.183 GC heap after
{Heap after GC invocations=287 (full 3):
 PSYoungGen      total 3584K, used 740K [0x00000000d5580000, 0x00000000d5a00000, 0x0000000100000000)
  eden space 2560K, 0% used [0x00000000d5580000,0x00000000d5580000,0x00000000d5800000)
  from space 1024K, 72% used [0x00000000d5900000,0x00000000d59b9158,0x00000000d5a00000)
  to   space 1024K, 0% used [0x00000000d5800000,0x00000000d5800000,0x00000000d5900000)
 ParOldGen       total 267264K, used 266819K [0x0000000080000000, 0x0000000090500000, 0x00000000d5580000)
  object space 267264K, 99% used [0x0000000080000000,0x0000000090490df0,0x0000000090500000)
 Metaspace       used 60755K, committed 62144K, reserved 1114112K
  class space    used 6375K, committed 7040K, reserved 1048576K
}
Event: 19.200 GC heap before
{Heap before GC invocations=288 (full 3):
 PSYoungGen      total 3584K, used 3300K [0x00000000d5580000, 0x00000000d5a00000, 0x0000000100000000)
  eden space 2560K, 100% used [0x00000000d5580000,0x00000000d5800000,0x00000000d5800000)
  from space 1024K, 72% used [0x00000000d5900000,0x00000000d59b9158,0x00000000d5a00000)
  to   space 1024K, 0% used [0x00000000d5800000,0x00000000d5800000,0x00000000d5900000)
 ParOldGen       total 267264K, used 266819K [0x0000000080000000, 0x0000000090500000, 0x00000000d5580000)
  object space 267264K, 99% used [0x0000000080000000,0x0000000090490df0,0x0000000090500000)
 Metaspace       used 60755K, committed 62144K, reserved 1114112K
  class space    used 6375K, committed 7040K, reserved 1048576K
}
Event: 19.202 GC heap after
{Heap after GC invocations=288 (full 3):
 PSYoungGen      total 3584K, used 893K [0x00000000d5580000, 0x00000000d5a00000, 0x0000000100000000)
  eden space 2560K, 0% used [0x00000000d5580000,0x00000000d5580000,0x00000000d5800000)
  from space 1024K, 87% used [0x00000000d5800000,0x00000000d58df498,0x00000000d5900000)
  to   space 1024K, 0% used [0x00000000d5900000,0x00000000d5900000,0x00000000d5a00000)
 ParOldGen       total 267776K, used 267387K [0x0000000080000000, 0x0000000090580000, 0x00000000d5580000)
  object space 267776K, 99% used [0x0000000080000000,0x000000009051eee8,0x0000000090580000)
 Metaspace       used 60755K, committed 62144K, reserved 1114112K
  class space    used 6375K, committed 7040K, reserved 1048576K
}
Event: 19.217 GC heap before
{Heap before GC invocations=289 (full 3):
 PSYoungGen      total 3584K, used 3453K [0x00000000d5580000, 0x00000000d5a00000, 0x0000000100000000)
  eden space 2560K, 100% used [0x00000000d5580000,0x00000000d5800000,0x00000000d5800000)
  from space 1024K, 87% used [0x00000000d5800000,0x00000000d58df498,0x00000000d5900000)
  to   space 1024K, 0% used [0x00000000d5900000,0x00000000d5900000,0x00000000d5a00000)
 ParOldGen       total 267776K, used 267387K [0x0000000080000000, 0x0000000090580000, 0x00000000d5580000)
  object space 267776K, 99% used [0x0000000080000000,0x000000009051eee8,0x0000000090580000)
 Metaspace       used 60755K, committed 62144K, reserved 1114112K
  class space    used 6375K, committed 7040K, reserved 1048576K
}
Event: 19.220 GC heap after
{Heap after GC invocations=289 (full 3):
 PSYoungGen      total 3584K, used 769K [0x00000000d5580000, 0x00000000d5a00000, 0x0000000100000000)
  eden space 2560K, 0% used [0x00000000d5580000,0x00000000d5580000,0x00000000d5800000)
  from space 1024K, 75% used [0x00000000d5900000,0x00000000d59c0710,0x00000000d5a00000)
  to   space 1024K, 0% used [0x00000000d5800000,0x00000000d5800000,0x00000000d5900000)
 ParOldGen       total 268288K, used 268021K [0x0000000080000000, 0x0000000090600000, 0x00000000d5580000)
  object space 268288K, 99% used [0x0000000080000000,0x00000000905bd7f0,0x0000000090600000)
 Metaspace       used 60755K, committed 62144K, reserved 1114112K
  class space    used 6375K, committed 7040K, reserved 1048576K
}
Event: 19.239 GC heap before
{Heap before GC invocations=290 (full 3):
 PSYoungGen      total 3584K, used 3329K [0x00000000d5580000, 0x00000000d5a00000, 0x0000000100000000)
  eden space 2560K, 100% used [0x00000000d5580000,0x00000000d5800000,0x00000000d5800000)
  from space 1024K, 75% used [0x00000000d5900000,0x00000000d59c0710,0x00000000d5a00000)
  to   space 1024K, 0% used [0x00000000d5800000,0x00000000d5800000,0x00000000d5900000)
 ParOldGen       total 268288K, used 268021K [0x0000000080000000, 0x0000000090600000, 0x00000000d5580000)
  object space 268288K, 99% used [0x0000000080000000,0x00000000905bd7f0,0x0000000090600000)
 Metaspace       used 60755K, committed 62144K, reserved 1114112K
  class space    used 6375K, committed 7040K, reserved 1048576K
}

