# JRE version: OpenJDK Runtime Environment Temurin-21.0.8+9 (21.0.8+9) (build 21.0.8+9-LTS)
# Java VM: OpenJDK 64-Bit Server VM Temurin-21.0.8+9 (21.0.8+9-LTS, mixed mode, sharing, tiered, compressed oops, compressed class ptrs, parallel gc, windows-amd64)
GC Precious Log:
 CardTable entry size: 512
 CPUs: 20 total, 20 available
 Memory: 16095M
 Large Page Support: Disabled
 NUMA Support: Disabled
 Compressed Oops: Enabled (32-bit)
 Alignments: Space 512K, Generation 512K, Heap 2M
 Heap Min Capacity: 100M
 Heap Initial Capacity: 100M
 Heap Max Capacity: 2G
 Pre-touch: Disabled
 Parallel Workers: 15
Heap:
 PSYoungGen      total 18944K, used 3094K [0x00000000d5580000, 0x00000000d7700000, 0x0000000100000000)
  eden space 15872K, 0% used [0x00000000d5580000,0x00000000d558cdd8,0x00000000d6500000)
  from space 3072K, 99% used [0x00000000d6d00000,0x00000000d6ff8ce8,0x00000000d7000000)
  to   space 8192K, 0% used [0x00000000d6500000,0x00000000d6500000,0x00000000d6d00000)
 ParOldGen       total 68608K, used 65826K [0x0000000080000000, 0x0000000084300000, 0x00000000d5580000)
  object space 68608K, 95% used [0x0000000080000000,0x0000000084048a88,0x0000000084300000)
 Metaspace       used 48444K, committed 49728K, reserved 1114112K
  class space    used 5186K, committed 5760K, reserved 1048576K
GC Heap History (20 events):
Event: 7.792 GC heap before
{Heap before GC invocations=24 (full 2):
 PSYoungGen      total 23552K, used 23405K [0x00000000d5580000, 0x00000000d6f00000, 0x0000000100000000)
  eden space 20992K, 100% used [0x00000000d5580000,0x00000000d6a00000,0x00000000d6a00000)
  from space 2560K, 94% used [0x00000000d6a00000,0x00000000d6c5b5a0,0x00000000d6c80000)
  to   space 2560K, 0% used [0x00000000d6c80000,0x00000000d6c80000,0x00000000d6f00000)
 ParOldGen       total 68608K, used 32253K [0x0000000080000000, 0x0000000084300000, 0x00000000d5580000)
  object space 68608K, 47% used [0x0000000080000000,0x0000000081f7f580,0x0000000084300000)
 Metaspace       used 42406K, committed 43648K, reserved 1114112K
  class space    used 4473K, committed 5056K, reserved 1048576K
}
Event: 7.796 GC heap after
{Heap after GC invocations=24 (full 2):
 PSYoungGen      total 23552K, used 2237K [0x00000000d5580000, 0x00000000d6f00000, 0x0000000100000000)
  eden space 20992K, 0% used [0x00000000d5580000,0x00000000d5580000,0x00000000d6a00000)
  from space 2560K, 87% used [0x00000000d6c80000,0x00000000d6eaf478,0x00000000d6f00000)
  to   space 2560K, 0% used [0x00000000d6a00000,0x00000000d6a00000,0x00000000d6c80000)
 ParOldGen       total 68608K, used 34425K [0x0000000080000000, 0x0000000084300000, 0x00000000d5580000)
  object space 68608K, 50% used [0x0000000080000000,0x000000008219e628,0x0000000084300000)
 Metaspace       used 42406K, committed 43648K, reserved 1114112K
  class space    used 4473K, committed 5056K, reserved 1048576K
}
Event: 7.965 GC heap before
{Heap before GC invocations=25 (full 2):
 PSYoungGen      total 23552K, used 23214K [0x00000000d5580000, 0x00000000d6f00000, 0x0000000100000000)
  eden space 20992K, 99% used [0x00000000d5580000,0x00000000d69fc498,0x00000000d6a00000)
  from space 2560K, 87% used [0x00000000d6c80000,0x00000000d6eaf478,0x00000000d6f00000)
  to   space 2560K, 0% used [0x00000000d6a00000,0x00000000d6a00000,0x00000000d6c80000)
 ParOldGen       total 68608K, used 34425K [0x0000000080000000, 0x0000000084300000, 0x00000000d5580000)
  object space 68608K, 50% used [0x0000000080000000,0x000000008219e628,0x0000000084300000)
 Metaspace       used 43491K, committed 44800K, reserved 1114112K
  class space    used 4605K, committed 5184K, reserved 1048576K
}
Event: 7.968 GC heap after
{Heap after GC invocations=25 (full 2):
 PSYoungGen      total 23552K, used 2273K [0x00000000d5580000, 0x00000000d6f00000, 0x0000000100000000)
  eden space 20992K, 0% used [0x00000000d5580000,0x00000000d5580000,0x00000000d6a00000)
  from space 2560K, 88% used [0x00000000d6a00000,0x00000000d6c38498,0x00000000d6c80000)
  to   space 2560K, 0% used [0x00000000d6c80000,0x00000000d6c80000,0x00000000d6f00000)
 ParOldGen       total 68608K, used 36382K [0x0000000080000000, 0x0000000084300000, 0x00000000d5580000)
  object space 68608K, 53% used [0x0000000080000000,0x0000000082387aa0,0x0000000084300000)
 Metaspace       used 43491K, committed 44800K, reserved 1114112K
  class space    used 4605K, committed 5184K, reserved 1048576K
}
Event: 8.345 GC heap before
{Heap before GC invocations=26 (full 2):
 PSYoungGen      total 23552K, used 23265K [0x00000000d5580000, 0x00000000d6f00000, 0x0000000100000000)
  eden space 20992K, 100% used [0x00000000d5580000,0x00000000d6a00000,0x00000000d6a00000)
  from space 2560K, 88% used [0x00000000d6a00000,0x00000000d6c38498,0x00000000d6c80000)
  to   space 2560K, 0% used [0x00000000d6c80000,0x00000000d6c80000,0x00000000d6f00000)
 ParOldGen       total 68608K, used 36382K [0x0000000080000000, 0x0000000084300000, 0x00000000d5580000)
  object space 68608K, 53% used [0x0000000080000000,0x0000000082387aa0,0x0000000084300000)
 Metaspace       used 45173K, committed 46528K, reserved 1114112K
  class space    used 4775K, committed 5376K, reserved 1048576K
}
Event: 8.349 GC heap after
{Heap after GC invocations=26 (full 2):
 PSYoungGen      total 20480K, used 2542K [0x00000000d5580000, 0x00000000d7500000, 0x0000000100000000)
  eden space 17920K, 0% used [0x00000000d5580000,0x00000000d5580000,0x00000000d6700000)
  from space 2560K, 99% used [0x00000000d6c80000,0x00000000d6efbae8,0x00000000d6f00000)
  to   space 5632K, 0% used [0x00000000d6700000,0x00000000d6700000,0x00000000d6c80000)
 ParOldGen       total 68608K, used 38566K [0x0000000080000000, 0x0000000084300000, 0x00000000d5580000)
  object space 68608K, 56% used [0x0000000080000000,0x00000000825a9b08,0x0000000084300000)
 Metaspace       used 45173K, committed 46528K, reserved 1114112K
  class space    used 4775K, committed 5376K, reserved 1048576K
}
Event: 8.530 GC heap before
{Heap before GC invocations=27 (full 2):
 PSYoungGen      total 20480K, used 20462K [0x00000000d5580000, 0x00000000d7500000, 0x0000000100000000)
  eden space 17920K, 100% used [0x00000000d5580000,0x00000000d6700000,0x00000000d6700000)
  from space 2560K, 99% used [0x00000000d6c80000,0x00000000d6efbae8,0x00000000d6f00000)
  to   space 5632K, 0% used [0x00000000d6700000,0x00000000d6700000,0x00000000d6c80000)
 ParOldGen       total 68608K, used 38566K [0x0000000080000000, 0x0000000084300000, 0x00000000d5580000)
  object space 68608K, 56% used [0x0000000080000000,0x00000000825a9b08,0x0000000084300000)
 Metaspace       used 45812K, committed 47104K, reserved 1114112K
  class space    used 4845K, committed 5440K, reserved 1048576K
}
Event: 8.534 GC heap after
{Heap after GC invocations=27 (full 2):
 PSYoungGen      total 21504K, used 3512K [0x00000000d5580000, 0x00000000d6f00000, 0x0000000100000000)
  eden space 17920K, 0% used [0x00000000d5580000,0x00000000d5580000,0x00000000d6700000)
  from space 3584K, 98% used [0x00000000d6700000,0x00000000d6a6e2c0,0x00000000d6a80000)
  to   space 4096K, 0% used [0x00000000d6b00000,0x00000000d6b00000,0x00000000d6f00000)
 ParOldGen       total 68608K, used 41006K [0x0000000080000000, 0x0000000084300000, 0x00000000d5580000)
  object space 68608K, 59% used [0x0000000080000000,0x000000008280bb90,0x0000000084300000)
 Metaspace       used 45812K, committed 47104K, reserved 1114112K
  class space    used 4845K, committed 5440K, reserved 1048576K
}
Event: 8.645 GC heap before
{Heap before GC invocations=28 (full 2):
 PSYoungGen      total 21504K, used 21432K [0x00000000d5580000, 0x00000000d6f00000, 0x0000000100000000)
  eden space 17920K, 100% used [0x00000000d5580000,0x00000000d6700000,0x00000000d6700000)
  from space 3584K, 98% used [0x00000000d6700000,0x00000000d6a6e2c0,0x00000000d6a80000)
  to   space 4096K, 0% used [0x00000000d6b00000,0x00000000d6b00000,0x00000000d6f00000)
 ParOldGen       total 68608K, used 41006K [0x0000000080000000, 0x0000000084300000, 0x00000000d5580000)
  object space 68608K, 59% used [0x0000000080000000,0x000000008280bb90,0x0000000084300000)
 Metaspace       used 46210K, committed 47552K, reserved 1114112K
  class space    used 4901K, committed 5504K, reserved 1048576K
}
Event: 8.649 GC heap after
{Heap after GC invocations=28 (full 2):
 PSYoungGen      total 22016K, used 3771K [0x00000000d5580000, 0x00000000d6f00000, 0x0000000100000000)
  eden space 17920K, 0% used [0x00000000d5580000,0x00000000d5580000,0x00000000d6700000)
  from space 4096K, 92% used [0x00000000d6b00000,0x00000000d6eaed98,0x00000000d6f00000)
  to   space 4096K, 0% used [0x00000000d6700000,0x00000000d6700000,0x00000000d6b00000)
 ParOldGen       total 68608K, used 44110K [0x0000000080000000, 0x0000000084300000, 0x00000000d5580000)
  object space 68608K, 64% used [0x0000000080000000,0x0000000082b13ab8,0x0000000084300000)
 Metaspace       used 46210K, committed 47552K, reserved 1114112K
  class space    used 4901K, committed 5504K, reserved 1048576K
}
Event: 8.768 GC heap before
{Heap before GC invocations=29 (full 2):
 PSYoungGen      total 22016K, used 21691K [0x00000000d5580000, 0x00000000d6f00000, 0x0000000100000000)
  eden space 17920K, 100% used [0x00000000d5580000,0x00000000d6700000,0x00000000d6700000)
  from space 4096K, 92% used [0x00000000d6b00000,0x00000000d6eaed98,0x00000000d6f00000)
  to   space 4096K, 0% used [0x00000000d6700000,0x00000000d6700000,0x00000000d6b00000)
 ParOldGen       total 68608K, used 44110K [0x0000000080000000, 0x0000000084300000, 0x00000000d5580000)
  object space 68608K, 64% used [0x0000000080000000,0x0000000082b13ab8,0x0000000084300000)
 Metaspace       used 46545K, committed 47872K, reserved 1114112K
  class space    used 4947K, committed 5568K, reserved 1048576K
}
Event: 8.772 GC heap after
{Heap after GC invocations=29 (full 2):
 PSYoungGen      total 22016K, used 3732K [0x00000000d5580000, 0x00000000d6f00000, 0x0000000100000000)
  eden space 17920K, 0% used [0x00000000d5580000,0x00000000d5580000,0x00000000d6700000)
  from space 4096K, 91% used [0x00000000d6700000,0x00000000d6aa5340,0x00000000d6b00000)
  to   space 4096K, 0% used [0x00000000d6b00000,0x00000000d6b00000,0x00000000d6f00000)
 ParOldGen       total 68608K, used 47569K [0x0000000080000000, 0x0000000084300000, 0x00000000d5580000)
  object space 68608K, 69% used [0x0000000080000000,0x0000000082e74568,0x0000000084300000)
 Metaspace       used 46545K, committed 47872K, reserved 1114112K
  class space    used 4947K, committed 5568K, reserved 1048576K
}
Event: 8.887 GC heap before
{Heap before GC invocations=30 (full 2):
 PSYoungGen      total 22016K, used 21652K [0x00000000d5580000, 0x00000000d6f00000, 0x0000000100000000)
  eden space 17920K, 100% used [0x00000000d5580000,0x00000000d6700000,0x00000000d6700000)
  from space 4096K, 91% used [0x00000000d6700000,0x00000000d6aa5340,0x00000000d6b00000)
  to   space 4096K, 0% used [0x00000000d6b00000,0x00000000d6b00000,0x00000000d6f00000)
 ParOldGen       total 68608K, used 47569K [0x0000000080000000, 0x0000000084300000, 0x00000000d5580000)
  object space 68608K, 69% used [0x0000000080000000,0x0000000082e74568,0x0000000084300000)
 Metaspace       used 46947K, committed 48192K, reserved 1114112K
  class space    used 4999K, committed 5568K, reserved 1048576K
}
Event: 8.891 GC heap after
{Heap after GC invocations=30 (full 2):
 PSYoungGen      total 22016K, used 3697K [0x00000000d5580000, 0x00000000d6f00000, 0x0000000100000000)
  eden space 17920K, 0% used [0x00000000d5580000,0x00000000d5580000,0x00000000d6700000)
  from space 4096K, 90% used [0x00000000d6b00000,0x00000000d6e9c6f8,0x00000000d6f00000)
  to   space 4096K, 0% used [0x00000000d6700000,0x00000000d6700000,0x00000000d6b00000)
 ParOldGen       total 68608K, used 50894K [0x0000000080000000, 0x0000000084300000, 0x00000000d5580000)
  object space 68608K, 74% used [0x0000000080000000,0x00000000831b39e0,0x0000000084300000)
 Metaspace       used 46947K, committed 48192K, reserved 1114112K
  class space    used 4999K, committed 5568K, reserved 1048576K
}
Event: 9.017 GC heap before
{Heap before GC invocations=31 (full 2):
 PSYoungGen      total 22016K, used 21617K [0x00000000d5580000, 0x00000000d6f00000, 0x0000000100000000)
  eden space 17920K, 100% used [0x00000000d5580000,0x00000000d6700000,0x00000000d6700000)
  from space 4096K, 90% used [0x00000000d6b00000,0x00000000d6e9c6f8,0x00000000d6f00000)
  to   space 4096K, 0% used [0x00000000d6700000,0x00000000d6700000,0x00000000d6b00000)
 ParOldGen       total 68608K, used 50894K [0x0000000080000000, 0x0000000084300000, 0x00000000d5580000)
  object space 68608K, 74% used [0x0000000080000000,0x00000000831b39e0,0x0000000084300000)
 Metaspace       used 47384K, committed 48768K, reserved 1114112K
  class space    used 5056K, committed 5696K, reserved 1048576K
}
Event: 9.024 GC heap after
{Heap after GC invocations=31 (full 2):
 PSYoungGen      total 22016K, used 4088K [0x00000000d5580000, 0x00000000d7700000, 0x0000000100000000)
  eden space 17920K, 0% used [0x00000000d5580000,0x00000000d5580000,0x00000000d6700000)
  from space 4096K, 99% used [0x00000000d6700000,0x00000000d6afe0e8,0x00000000d6b00000)
  to   space 8192K, 0% used [0x00000000d6f00000,0x00000000d6f00000,0x00000000d7700000)
 ParOldGen       total 68608K, used 54286K [0x0000000080000000, 0x0000000084300000, 0x00000000d5580000)
  object space 68608K, 79% used [0x0000000080000000,0x0000000083503858,0x0000000084300000)
 Metaspace       used 47384K, committed 48768K, reserved 1114112K
  class space    used 5056K, committed 5696K, reserved 1048576K
}
Event: 9.145 GC heap before
{Heap before GC invocations=32 (full 2):
 PSYoungGen      total 22016K, used 22008K [0x00000000d5580000, 0x00000000d7700000, 0x0000000100000000)
  eden space 17920K, 100% used [0x00000000d5580000,0x00000000d6700000,0x00000000d6700000)
  from space 4096K, 99% used [0x00000000d6700000,0x00000000d6afe0e8,0x00000000d6b00000)
  to   space 8192K, 0% used [0x00000000d6f00000,0x00000000d6f00000,0x00000000d7700000)
 ParOldGen       total 68608K, used 54286K [0x0000000080000000, 0x0000000084300000, 0x00000000d5580000)
  object space 68608K, 79% used [0x0000000080000000,0x0000000083503858,0x0000000084300000)
 Metaspace       used 47869K, committed 49152K, reserved 1114112K
  class space    used 5108K, committed 5696K, reserved 1048576K
}
Event: 9.151 GC heap after
{Heap after GC invocations=32 (full 2):
 PSYoungGen      total 22016K, used 3667K [0x00000000d5580000, 0x00000000d7300000, 0x0000000100000000)
  eden space 17920K, 0% used [0x00000000d5580000,0x00000000d5580000,0x00000000d6700000)
  from space 4096K, 89% used [0x00000000d6f00000,0x00000000d7294c18,0x00000000d7300000)
  to   space 5120K, 0% used [0x00000000d6900000,0x00000000d6900000,0x00000000d6e00000)
 ParOldGen       total 68608K, used 58018K [0x0000000080000000, 0x0000000084300000, 0x00000000d5580000)
  object space 68608K, 84% used [0x0000000080000000,0x00000000838a8a30,0x0000000084300000)
 Metaspace       used 47869K, committed 49152K, reserved 1114112K
  class space    used 5108K, committed 5696K, reserved 1048576K
}
Event: 9.255 GC heap before
{Heap before GC invocations=33 (full 2):
 PSYoungGen      total 22016K, used 21587K [0x00000000d5580000, 0x00000000d7300000, 0x0000000100000000)
  eden space 17920K, 100% used [0x00000000d5580000,0x00000000d6700000,0x00000000d6700000)
  from space 4096K, 89% used [0x00000000d6f00000,0x00000000d7294c18,0x00000000d7300000)
  to   space 5120K, 0% used [0x00000000d6900000,0x00000000d6900000,0x00000000d6e00000)
 ParOldGen       total 68608K, used 58018K [0x0000000080000000, 0x0000000084300000, 0x00000000d5580000)
  object space 68608K, 84% used [0x0000000080000000,0x00000000838a8a30,0x0000000084300000)
 Metaspace       used 48188K, committed 49536K, reserved 1114112K
  class space    used 5152K, committed 5760K, reserved 1048576K
}
Event: 9.260 GC heap after
{Heap after GC invocations=33 (full 2):
 PSYoungGen      total 22016K, used 4049K [0x00000000d5580000, 0x00000000d7000000, 0x0000000100000000)
  eden space 17920K, 0% used [0x00000000d5580000,0x00000000d5580000,0x00000000d6700000)
  from space 4096K, 98% used [0x00000000d6900000,0x00000000d6cf44e8,0x00000000d6d00000)
  to   space 3072K, 0% used [0x00000000d6d00000,0x00000000d6d00000,0x00000000d7000000)
 ParOldGen       total 68608K, used 61391K [0x0000000080000000, 0x0000000084300000, 0x00000000d5580000)
  object space 68608K, 89% used [0x0000000080000000,0x0000000083bf3ca0,0x0000000084300000)
 Metaspace       used 48188K, committed 49536K, reserved 1114112K
  class space    used 5152K, committed 5760K, reserved 1048576K
}

