# JRE version: OpenJDK Runtime Environment Temurin-21.0.8+9 (21.0.8+9) (build 21.0.8+9-LTS)
# Java VM: OpenJDK 64-Bit Server VM Temurin-21.0.8+9 (21.0.8+9-LTS, mixed mode, sharing, tiered, compressed oops, compressed class ptrs, parallel gc, windows-amd64)
GC Precious Log:
 CardTable entry size: 512
 CPUs: 20 total, 20 available
 Memory: 16095M
 Large Page Support: Disabled
 NUMA Support: Disabled
 Compressed Oops: Enabled (32-bit)
 Alignments: Space 512K, Generation 512K, Heap 2M
 Heap Min Capacity: 100M
 Heap Initial Capacity: 100M
 Heap Max Capacity: 2G
 Pre-touch: Disabled
 Parallel Workers: 15
Heap:
 PSYoungGen      total 14336K, used 10686K [0x00000000d5580000, 0x00000000d6780000, 0x0000000100000000)
  eden space 11776K, 70% used [0x00000000d5580000,0x00000000d5d9f978,0x00000000d6100000)
  from space 2560K, 92% used [0x00000000d6380000,0x00000000d65cffd0,0x00000000d6600000)
  to   space 2560K, 0% used [0x00000000d6100000,0x00000000d6100000,0x00000000d6380000)
 ParOldGen       total 107008K, used 106884K [0x0000000080000000, 0x0000000086880000, 0x00000000d5580000)
  object space 107008K, 99% used [0x0000000080000000,0x0000000086861168,0x0000000086880000)
 Metaspace       used 54461K, committed 55744K, reserved 1114112K
  class space    used 5832K, committed 6400K, reserved 1048576K
GC Heap History (20 events):
Event: 10.649 GC heap after
{Heap after GC invocations=46 (full 2):
 PSYoungGen      total 14848K, used 1765K [0x00000000d5580000, 0x00000000d6680000, 0x0000000100000000)
  eden space 12800K, 0% used [0x00000000d5580000,0x00000000d5580000,0x00000000d6200000)
  from space 2048K, 86% used [0x00000000d6480000,0x00000000d66397f8,0x00000000d6680000)
  to   space 2048K, 0% used [0x00000000d6200000,0x00000000d6200000,0x00000000d6400000)
 ParOldGen       total 87040K, used 86881K [0x0000000080000000, 0x0000000085500000, 0x00000000d5580000)
  object space 87040K, 99% used [0x0000000080000000,0x00000000854d8528,0x0000000085500000)
 Metaspace       used 52222K, committed 53440K, reserved 1114112K
  class space    used 5617K, committed 6144K, reserved 1048576K
}
Event: 10.690 GC heap before
{Heap before GC invocations=47 (full 2):
 PSYoungGen      total 14848K, used 14565K [0x00000000d5580000, 0x00000000d6680000, 0x0000000100000000)
  eden space 12800K, 100% used [0x00000000d5580000,0x00000000d6200000,0x00000000d6200000)
  from space 2048K, 86% used [0x00000000d6480000,0x00000000d66397f8,0x00000000d6680000)
  to   space 2048K, 0% used [0x00000000d6200000,0x00000000d6200000,0x00000000d6400000)
 ParOldGen       total 87040K, used 86881K [0x0000000080000000, 0x0000000085500000, 0x00000000d5580000)
  object space 87040K, 99% used [0x0000000080000000,0x00000000854d8528,0x0000000085500000)
 Metaspace       used 52392K, committed 53632K, reserved 1114112K
  class space    used 5618K, committed 6144K, reserved 1048576K
}
Event: 10.694 GC heap after
{Heap after GC invocations=47 (full 2):
 PSYoungGen      total 14848K, used 1571K [0x00000000d5580000, 0x00000000d6600000, 0x0000000100000000)
  eden space 12800K, 0% used [0x00000000d5580000,0x00000000d5580000,0x00000000d6200000)
  from space 2048K, 76% used [0x00000000d6200000,0x00000000d6388f78,0x00000000d6400000)
  to   space 2048K, 0% used [0x00000000d6400000,0x00000000d6400000,0x00000000d6600000)
 ParOldGen       total 88064K, used 87573K [0x0000000080000000, 0x0000000085600000, 0x00000000d5580000)
  object space 88064K, 99% used [0x0000000080000000,0x0000000085585460,0x0000000085600000)
 Metaspace       used 52392K, committed 53632K, reserved 1114112K
  class space    used 5618K, committed 6144K, reserved 1048576K
}
Event: 11.025 GC heap before
{Heap before GC invocations=48 (full 2):
 PSYoungGen      total 14848K, used 14371K [0x00000000d5580000, 0x00000000d6600000, 0x0000000100000000)
  eden space 12800K, 100% used [0x00000000d5580000,0x00000000d6200000,0x00000000d6200000)
  from space 2048K, 76% used [0x00000000d6200000,0x00000000d6388f78,0x00000000d6400000)
  to   space 2048K, 0% used [0x00000000d6400000,0x00000000d6400000,0x00000000d6600000)
 ParOldGen       total 88064K, used 87573K [0x0000000080000000, 0x0000000085600000, 0x00000000d5580000)
  object space 88064K, 99% used [0x0000000080000000,0x0000000085585460,0x0000000085600000)
 Metaspace       used 53651K, committed 54912K, reserved 1114112K
  class space    used 5730K, committed 6272K, reserved 1048576K
}
Event: 11.029 GC heap after
{Heap after GC invocations=48 (full 2):
 PSYoungGen      total 14848K, used 1871K [0x00000000d5580000, 0x00000000d6600000, 0x0000000100000000)
  eden space 12800K, 0% used [0x00000000d5580000,0x00000000d5580000,0x00000000d6200000)
  from space 2048K, 91% used [0x00000000d6400000,0x00000000d65d3c18,0x00000000d6600000)
  to   space 2048K, 0% used [0x00000000d6200000,0x00000000d6200000,0x00000000d6400000)
 ParOldGen       total 89088K, used 88936K [0x0000000080000000, 0x0000000085700000, 0x00000000d5580000)
  object space 89088K, 99% used [0x0000000080000000,0x00000000856da348,0x0000000085700000)
 Metaspace       used 53651K, committed 54912K, reserved 1114112K
  class space    used 5730K, committed 6272K, reserved 1048576K
}
Event: 11.433 GC heap before
{Heap before GC invocations=49 (full 2):
 PSYoungGen      total 14848K, used 14619K [0x00000000d5580000, 0x00000000d6600000, 0x0000000100000000)
  eden space 12800K, 99% used [0x00000000d5580000,0x00000000d61f30a8,0x00000000d6200000)
  from space 2048K, 91% used [0x00000000d6400000,0x00000000d65d3c18,0x00000000d6600000)
  to   space 2048K, 0% used [0x00000000d6200000,0x00000000d6200000,0x00000000d6400000)
 ParOldGen       total 89088K, used 88936K [0x0000000080000000, 0x0000000085700000, 0x00000000d5580000)
  object space 89088K, 99% used [0x0000000080000000,0x00000000856da348,0x0000000085700000)
 Metaspace       used 53787K, committed 55104K, reserved 1114112K
  class space    used 5749K, committed 6336K, reserved 1048576K
}
Event: 11.438 GC heap after
{Heap after GC invocations=49 (full 2):
 PSYoungGen      total 14848K, used 2033K [0x00000000d5580000, 0x00000000d6b00000, 0x0000000100000000)
  eden space 12800K, 0% used [0x00000000d5580000,0x00000000d5580000,0x00000000d6200000)
  from space 2048K, 99% used [0x00000000d6200000,0x00000000d63fc600,0x00000000d6400000)
  to   space 4608K, 0% used [0x00000000d6680000,0x00000000d6680000,0x00000000d6b00000)
 ParOldGen       total 91136K, used 90801K [0x0000000080000000, 0x0000000085900000, 0x00000000d5580000)
  object space 91136K, 99% used [0x0000000080000000,0x00000000858ac620,0x0000000085900000)
 Metaspace       used 53787K, committed 55104K, reserved 1114112K
  class space    used 5749K, committed 6336K, reserved 1048576K
}
Event: 11.552 GC heap before
{Heap before GC invocations=50 (full 2):
 PSYoungGen      total 14848K, used 14833K [0x00000000d5580000, 0x00000000d6b00000, 0x0000000100000000)
  eden space 12800K, 99% used [0x00000000d5580000,0x00000000d61ffeb8,0x00000000d6200000)
  from space 2048K, 99% used [0x00000000d6200000,0x00000000d63fc600,0x00000000d6400000)
  to   space 4608K, 0% used [0x00000000d6680000,0x00000000d6680000,0x00000000d6b00000)
 ParOldGen       total 91136K, used 90801K [0x0000000080000000, 0x0000000085900000, 0x00000000d5580000)
  object space 91136K, 99% used [0x0000000080000000,0x00000000858ac620,0x0000000085900000)
 Metaspace       used 53906K, committed 55232K, reserved 1114112K
  class space    used 5775K, committed 6336K, reserved 1048576K
}
Event: 11.558 GC heap after
{Heap after GC invocations=50 (full 2):
 PSYoungGen      total 15360K, used 2524K [0x00000000d5580000, 0x00000000d6900000, 0x0000000100000000)
  eden space 12800K, 0% used [0x00000000d5580000,0x00000000d5580000,0x00000000d6200000)
  from space 2560K, 98% used [0x00000000d6680000,0x00000000d68f71e8,0x00000000d6900000)
  to   space 3072K, 0% used [0x00000000d6300000,0x00000000d6300000,0x00000000d6600000)
 ParOldGen       total 93184K, used 92796K [0x0000000080000000, 0x0000000085b00000, 0x00000000d5580000)
  object space 93184K, 99% used [0x0000000080000000,0x0000000085a9f0b0,0x0000000085b00000)
 Metaspace       used 53906K, committed 55232K, reserved 1114112K
  class space    used 5775K, committed 6336K, reserved 1048576K
}
Event: 11.671 GC heap before
{Heap before GC invocations=51 (full 2):
 PSYoungGen      total 15360K, used 15324K [0x00000000d5580000, 0x00000000d6900000, 0x0000000100000000)
  eden space 12800K, 100% used [0x00000000d5580000,0x00000000d6200000,0x00000000d6200000)
  from space 2560K, 98% used [0x00000000d6680000,0x00000000d68f71e8,0x00000000d6900000)
  to   space 3072K, 0% used [0x00000000d6300000,0x00000000d6300000,0x00000000d6600000)
 ParOldGen       total 93184K, used 92796K [0x0000000080000000, 0x0000000085b00000, 0x00000000d5580000)
  object space 93184K, 99% used [0x0000000080000000,0x0000000085a9f0b0,0x0000000085b00000)
 Metaspace       used 53996K, committed 55296K, reserved 1114112K
  class space    used 5792K, committed 6336K, reserved 1048576K
}
Event: 11.676 GC heap after
{Heap after GC invocations=51 (full 2):
 PSYoungGen      total 15360K, used 2443K [0x00000000d5580000, 0x00000000d6700000, 0x0000000100000000)
  eden space 12800K, 0% used [0x00000000d5580000,0x00000000d5580000,0x00000000d6200000)
  from space 2560K, 95% used [0x00000000d6300000,0x00000000d6562d78,0x00000000d6580000)
  to   space 1536K, 0% used [0x00000000d6580000,0x00000000d6580000,0x00000000d6700000)
 ParOldGen       total 95232K, used 94950K [0x0000000080000000, 0x0000000085d00000, 0x00000000d5580000)
  object space 95232K, 99% used [0x0000000080000000,0x0000000085cb9ac0,0x0000000085d00000)
 Metaspace       used 53996K, committed 55296K, reserved 1114112K
  class space    used 5792K, committed 6336K, reserved 1048576K
}
Event: 11.775 GC heap before
{Heap before GC invocations=52 (full 2):
 PSYoungGen      total 15360K, used 15243K [0x00000000d5580000, 0x00000000d6700000, 0x0000000100000000)
  eden space 12800K, 100% used [0x00000000d5580000,0x00000000d6200000,0x00000000d6200000)
  from space 2560K, 95% used [0x00000000d6300000,0x00000000d6562d78,0x00000000d6580000)
  to   space 1536K, 0% used [0x00000000d6580000,0x00000000d6580000,0x00000000d6700000)
 ParOldGen       total 95232K, used 94950K [0x0000000080000000, 0x0000000085d00000, 0x00000000d5580000)
  object space 95232K, 99% used [0x0000000080000000,0x0000000085cb9ac0,0x0000000085d00000)
 Metaspace       used 54066K, committed 55360K, reserved 1114112K
  class space    used 5802K, committed 6336K, reserved 1048576K
}
Event: 11.780 GC heap after
{Heap after GC invocations=52 (full 2):
 PSYoungGen      total 12288K, used 1520K [0x00000000d5580000, 0x00000000d6d00000, 0x0000000100000000)
  eden space 10752K, 0% used [0x00000000d5580000,0x00000000d5580000,0x00000000d6000000)
  from space 1536K, 98% used [0x00000000d6580000,0x00000000d66fc060,0x00000000d6700000)
  to   space 5632K, 0% used [0x00000000d6000000,0x00000000d6000000,0x00000000d6580000)
 ParOldGen       total 98816K, used 98307K [0x0000000080000000, 0x0000000086080000, 0x00000000d5580000)
  object space 98816K, 99% used [0x0000000080000000,0x0000000086000e20,0x0000000086080000)
 Metaspace       used 54066K, committed 55360K, reserved 1114112K
  class space    used 5802K, committed 6336K, reserved 1048576K
}
Event: 11.867 GC heap before
{Heap before GC invocations=53 (full 2):
 PSYoungGen      total 12288K, used 12272K [0x00000000d5580000, 0x00000000d6d00000, 0x0000000100000000)
  eden space 10752K, 100% used [0x00000000d5580000,0x00000000d6000000,0x00000000d6000000)
  from space 1536K, 98% used [0x00000000d6580000,0x00000000d66fc060,0x00000000d6700000)
  to   space 5632K, 0% used [0x00000000d6000000,0x00000000d6000000,0x00000000d6580000)
 ParOldGen       total 98816K, used 98307K [0x0000000080000000, 0x0000000086080000, 0x00000000d5580000)
  object space 98816K, 99% used [0x0000000080000000,0x0000000086000e20,0x0000000086080000)
 Metaspace       used 54116K, committed 55424K, reserved 1114112K
  class space    used 5809K, committed 6400K, reserved 1048576K
}
Event: 11.872 GC heap after
{Heap after GC invocations=53 (full 2):
 PSYoungGen      total 13312K, used 2433K [0x00000000d5580000, 0x00000000d6700000, 0x0000000100000000)
  eden space 10752K, 0% used [0x00000000d5580000,0x00000000d5580000,0x00000000d6000000)
  from space 2560K, 95% used [0x00000000d6000000,0x00000000d6260490,0x00000000d6280000)
  to   space 3584K, 0% used [0x00000000d6380000,0x00000000d6380000,0x00000000d6700000)
 ParOldGen       total 100352K, used 99854K [0x0000000080000000, 0x0000000086200000, 0x00000000d5580000)
  object space 100352K, 99% used [0x0000000080000000,0x00000000861839b0,0x0000000086200000)
 Metaspace       used 54116K, committed 55424K, reserved 1114112K
  class space    used 5809K, committed 6400K, reserved 1048576K
}
Event: 11.973 GC heap before
{Heap before GC invocations=54 (full 2):
 PSYoungGen      total 13312K, used 13185K [0x00000000d5580000, 0x00000000d6700000, 0x0000000100000000)
  eden space 10752K, 100% used [0x00000000d5580000,0x00000000d6000000,0x00000000d6000000)
  from space 2560K, 95% used [0x00000000d6000000,0x00000000d6260490,0x00000000d6280000)
  to   space 3584K, 0% used [0x00000000d6380000,0x00000000d6380000,0x00000000d6700000)
 ParOldGen       total 100352K, used 99854K [0x0000000080000000, 0x0000000086200000, 0x00000000d5580000)
  object space 100352K, 99% used [0x0000000080000000,0x00000000861839b0,0x0000000086200000)
 Metaspace       used 54205K, committed 55488K, reserved 1114112K
  class space    used 5813K, committed 6400K, reserved 1048576K
}
Event: 11.978 GC heap after
{Heap after GC invocations=54 (full 2):
 PSYoungGen      total 13824K, used 2752K [0x00000000d5580000, 0x00000000d6680000, 0x0000000100000000)
  eden space 10752K, 0% used [0x00000000d5580000,0x00000000d5580000,0x00000000d6000000)
  from space 3072K, 89% used [0x00000000d6380000,0x00000000d6630110,0x00000000d6680000)
  to   space 3072K, 0% used [0x00000000d6080000,0x00000000d6080000,0x00000000d6380000)
 ParOldGen       total 102400K, used 102048K [0x0000000080000000, 0x0000000086400000, 0x00000000d5580000)
  object space 102400K, 99% used [0x0000000080000000,0x00000000863a82b8,0x0000000086400000)
 Metaspace       used 54205K, committed 55488K, reserved 1114112K
  class space    used 5813K, committed 6400K, reserved 1048576K
}
Event: 12.082 GC heap before
{Heap before GC invocations=55 (full 2):
 PSYoungGen      total 13824K, used 13504K [0x00000000d5580000, 0x00000000d6680000, 0x0000000100000000)
  eden space 10752K, 100% used [0x00000000d5580000,0x00000000d6000000,0x00000000d6000000)
  from space 3072K, 89% used [0x00000000d6380000,0x00000000d6630110,0x00000000d6680000)
  to   space 3072K, 0% used [0x00000000d6080000,0x00000000d6080000,0x00000000d6380000)
 ParOldGen       total 102400K, used 102048K [0x0000000080000000, 0x0000000086400000, 0x00000000d5580000)
  object space 102400K, 99% used [0x0000000080000000,0x00000000863a82b8,0x0000000086400000)
 Metaspace       used 54272K, committed 55552K, reserved 1114112K
  class space    used 5819K, committed 6400K, reserved 1048576K
}
Event: 12.088 GC heap after
{Heap after GC invocations=55 (full 2):
 PSYoungGen      total 13824K, used 2617K [0x00000000d5580000, 0x00000000d6600000, 0x0000000100000000)
  eden space 10752K, 0% used [0x00000000d5580000,0x00000000d5580000,0x00000000d6000000)
  from space 3072K, 85% used [0x00000000d6080000,0x00000000d630e6e8,0x00000000d6380000)
  to   space 2560K, 0% used [0x00000000d6380000,0x00000000d6380000,0x00000000d6600000)
 ParOldGen       total 104960K, used 104499K [0x0000000080000000, 0x0000000086680000, 0x00000000d5580000)
  object space 104960K, 99% used [0x0000000080000000,0x000000008660ced0,0x0000000086680000)
 Metaspace       used 54272K, committed 55552K, reserved 1114112K
  class space    used 5819K, committed 6400K, reserved 1048576K
}
Event: 12.177 GC heap before
{Heap before GC invocations=56 (full 2):
 PSYoungGen      total 13824K, used 13369K [0x00000000d5580000, 0x00000000d6600000, 0x0000000100000000)
  eden space 10752K, 100% used [0x00000000d5580000,0x00000000d6000000,0x00000000d6000000)
  from space 3072K, 85% used [0x00000000d6080000,0x00000000d630e6e8,0x00000000d6380000)
  to   space 2560K, 0% used [0x00000000d6380000,0x00000000d6380000,0x00000000d6600000)
 ParOldGen       total 104960K, used 104499K [0x0000000080000000, 0x0000000086680000, 0x00000000d5580000)
  object space 104960K, 99% used [0x0000000080000000,0x000000008660ced0,0x0000000086680000)
 Metaspace       used 54401K, committed 55680K, reserved 1114112K
  class space    used 5825K, committed 6400K, reserved 1048576K
}

